C51 COMPILER V9.01   MAIN                                                                  02/10/2017 20:46:56 PAGE 1   


C51 COMPILER V9.01, COMPILATION OF MODULE MAIN
OBJECT MODULE PLACED IN main.OBJ
COMPILER INVOKED BY: C:\Keil\C51\BIN\C51.EXE main.c BROWSE DEBUG OBJECTEXTEND

line level    source

   1          /*******************************************************************************
   2          * 实验名                           : 串口实验
   3          * 使用的IO           : P2
   4          * 实验效果       : 将接收到发送回电脑上面。
   5          *       注意                                     ：
   6          *******************************************************************************/
   7          
   8          #include<reg51.h>
   9          sbit led = P1^4 ;
  10          
  11          void UsartConfiguration();
  12          /*******************************************************************************
  13          * 函数名         : main
  14          * 函数功能                 : 主函数
  15          * 输入           : 无
  16          * 输出           : 无
  17          *******************************************************************************/
  18          
  19          void main()
  20          {
  21   1              UsartConfiguration();
  22   1      //    SBUF='Y';//将接收到的数据放入到发送寄存器
  23   1      //      while(!TI);                      //等待发送数据完成
  24   1      //      TI=0;                                            //清除发送完成标志位
  25   1      
  26   1              while(1)
  27   1              {
  28   2              }
  29   1      }
  30          /*******************************************************************************
  31          * 函数名         :UsartConfiguration()
  32          * 函数功能                 :设置串口
  33          * 输入           : 无
  34          * 输出           : 无
  35          *******************************************************************************/
  36          
  37          void UsartConfiguration()
  38          {
  39   1              SCON=0X50;                      //设置为工作方式1
  40   1              TMOD=0X20;                      //设置计数器工作方式2
  41   1              PCON=0X80;                      //波特率加倍
  42   1              TH1=0XF3;                               //计数器初始值设置，注意波特率是4800的
  43   1              TL1=0XF3;
  44   1              ES=1;                                           //打开接收中断
  45   1              EA=1;                                           //打开总中断
  46   1              TR1=1;                                  //打开计数器
  47   1      }
  48          
  49          /*******************************************************************************
  50          * 函数名         :Delay(unsigned int i)
  51          * 函数功能                 : 延时函数
  52          * 输入           : 无
  53          * 输出           : 无
  54          *******************************************************************************/
  55          void Usart() interrupt 4
C51 COMPILER V9.01   MAIN                                                                  02/10/2017 20:46:56 PAGE 2   

  56          {
  57   1              unsigned char receiveData;
  58   1      
  59   1              receiveData=SBUF;//出去接收到的数据
  60   1              RI = 0;//清除接收中断标志位
  61   1              if(receiveData=='Y')
  62   1              led =0;
  63   1              SBUF='O';//将接收到的数据放入到发送寄存器
  64   1              while(!TI);                      //等待发送数据完成
  65   1              TI=0;                                            //清除发送完成标志位
  66   1      }


MODULE INFORMATION:   STATIC OVERLAYABLE
   CODE SIZE        =     56    ----
   CONSTANT SIZE    =   ----    ----
   XDATA SIZE       =   ----    ----
   PDATA SIZE       =   ----    ----
   DATA SIZE        =   ----    ----
   IDATA SIZE       =   ----    ----
   BIT SIZE         =   ----    ----
END OF MODULE INFORMATION.


C51 COMPILATION COMPLETE.  0 WARNING(S),  0 ERROR(S)
